2016-01-01 01:31:33 =ERROR REPORT====
** Generic server <0.109.0> terminating 
** Last message in was timeout
** When Server state == {state,#Port<0.5533>,ranch_tcp,undefined,'command_channel@127.0.0.1',1451578313}
** Reason for termination == 
** {{badmatch,{error,closed}},[{maxwell_protocol_channel_command_protocol,handle_info,2,[{file,"/opt/mos/codebase/maxwell-protocol-channel/src/maxwell_protocol_channel_command_protocol.erl"},{line,100}]},{gen_server,handle_msg,5,[{file,"gen_server.erl"},{line,599}]},{proc_lib,init_p_do_apply,3,[{file,"proc_lib.erl"},{line,239}]}]}
2016-01-01 01:31:33 =CRASH REPORT====
  crasher:
    initial call: maxwell_protocol_channel_command_protocol:init/4
    pid: <0.109.0>
    registered_name: []
    exception exit: {{{badmatch,{error,closed}},[{maxwell_protocol_channel_command_protocol,handle_info,2,[{file,"/opt/mos/codebase/maxwell-protocol-channel/src/maxwell_protocol_channel_command_protocol.erl"},{line,100}]},{gen_server,handle_msg,5,[{file,"gen_server.erl"},{line,599}]},{proc_lib,init_p_do_apply,3,[{file,"proc_lib.erl"},{line,239}]}]},[{gen_server,terminate,6,[{file,"gen_server.erl"},{line,746}]},{proc_lib,init_p_do_apply,3,[{file,"proc_lib.erl"},{line,239}]}]}
    ancestors: [<0.84.0>,<0.83.0>,ranch_sup,<0.76.0>]
    messages: [{tcp_closed,#Port<0.5533>}]
    links: [<0.84.0>]
    dictionary: []
    trap_exit: false
    status: running
    heap_size: 1598
    stack_size: 27
    reductions: 2272
  neighbours:
2016-01-01 01:31:33 =ERROR REPORT====
** Generic server <0.118.0> terminating 
** Last message in was timeout
** When Server state == {state,#Port<0.5548>,ranch_tcp,undefined,'command_channel@127.0.0.1',1451578313}
** Reason for termination == 
** {{badmatch,{error,closed}},[{maxwell_protocol_channel_command_protocol,handle_info,2,[{file,"/opt/mos/codebase/maxwell-protocol-channel/src/maxwell_protocol_channel_command_protocol.erl"},{line,100}]},{gen_server,handle_msg,5,[{file,"gen_server.erl"},{line,599}]},{proc_lib,init_p_do_apply,3,[{file,"proc_lib.erl"},{line,239}]}]}
2016-01-01 01:31:33 =CRASH REPORT====
  crasher:
    initial call: maxwell_protocol_channel_command_protocol:init/4
    pid: <0.118.0>
    registered_name: []
    exception exit: {{{badmatch,{error,closed}},[{maxwell_protocol_channel_command_protocol,handle_info,2,[{file,"/opt/mos/codebase/maxwell-protocol-channel/src/maxwell_protocol_channel_command_protocol.erl"},{line,100}]},{gen_server,handle_msg,5,[{file,"gen_server.erl"},{line,599}]},{proc_lib,init_p_do_apply,3,[{file,"proc_lib.erl"},{line,239}]}]},[{gen_server,terminate,6,[{file,"gen_server.erl"},{line,746}]},{proc_lib,init_p_do_apply,3,[{file,"proc_lib.erl"},{line,239}]}]}
    ancestors: [<0.84.0>,<0.83.0>,ranch_sup,<0.76.0>]
    messages: [{tcp_closed,#Port<0.5548>}]
    links: [<0.84.0>]
    dictionary: []
    trap_exit: false
    status: running
    heap_size: 1598
    stack_size: 27
    reductions: 2276
  neighbours:
2016-01-01 01:31:33 =ERROR REPORT====
** Generic server <0.114.0> terminating 
** Last message in was timeout
** When Server state == {state,#Port<0.5544>,ranch_tcp,undefined,'command_channel@127.0.0.1',1451578313}
** Reason for termination == 
** {{badmatch,{error,closed}},[{maxwell_protocol_channel_command_protocol,handle_info,2,[{file,"/opt/mos/codebase/maxwell-protocol-channel/src/maxwell_protocol_channel_command_protocol.erl"},{line,100}]},{gen_server,handle_msg,5,[{file,"gen_server.erl"},{line,599}]},{proc_lib,init_p_do_apply,3,[{file,"proc_lib.erl"},{line,239}]}]}
2016-01-01 01:31:33 =CRASH REPORT====
  crasher:
    initial call: maxwell_protocol_channel_command_protocol:init/4
    pid: <0.114.0>
    registered_name: []
    exception exit: {{{badmatch,{error,closed}},[{maxwell_protocol_channel_command_protocol,handle_info,2,[{file,"/opt/mos/codebase/maxwell-protocol-channel/src/maxwell_protocol_channel_command_protocol.erl"},{line,100}]},{gen_server,handle_msg,5,[{file,"gen_server.erl"},{line,599}]},{proc_lib,init_p_do_apply,3,[{file,"proc_lib.erl"},{line,239}]}]},[{gen_server,terminate,6,[{file,"gen_server.erl"},{line,746}]},{proc_lib,init_p_do_apply,3,[{file,"proc_lib.erl"},{line,239}]}]}
    ancestors: [<0.84.0>,<0.83.0>,ranch_sup,<0.76.0>]
    messages: [{tcp_closed,#Port<0.5544>}]
    links: [<0.84.0>]
    dictionary: []
    trap_exit: false
    status: running
    heap_size: 1598
    stack_size: 27
    reductions: 2244
  neighbours:
2016-01-01 01:31:33 =ERROR REPORT====
** Generic server <0.115.0> terminating 
** Last message in was timeout
** When Server state == {state,#Port<0.5546>,ranch_tcp,undefined,'command_channel@127.0.0.1',1451578313}
** Reason for termination == 
** {{badmatch,{error,closed}},[{maxwell_protocol_channel_command_protocol,handle_info,2,[{file,"/opt/mos/codebase/maxwell-protocol-channel/src/maxwell_protocol_channel_command_protocol.erl"},{line,100}]},{gen_server,handle_msg,5,[{file,"gen_server.erl"},{line,599}]},{proc_lib,init_p_do_apply,3,[{file,"proc_lib.erl"},{line,239}]}]}
2016-01-01 01:31:33 =CRASH REPORT====
  crasher:
    initial call: maxwell_protocol_channel_command_protocol:init/4
    pid: <0.115.0>
    registered_name: []
    exception exit: {{{badmatch,{error,closed}},[{maxwell_protocol_channel_command_protocol,handle_info,2,[{file,"/opt/mos/codebase/maxwell-protocol-channel/src/maxwell_protocol_channel_command_protocol.erl"},{line,100}]},{gen_server,handle_msg,5,[{file,"gen_server.erl"},{line,599}]},{proc_lib,init_p_do_apply,3,[{file,"proc_lib.erl"},{line,239}]}]},[{gen_server,terminate,6,[{file,"gen_server.erl"},{line,746}]},{proc_lib,init_p_do_apply,3,[{file,"proc_lib.erl"},{line,239}]}]}
    ancestors: [<0.84.0>,<0.83.0>,ranch_sup,<0.76.0>]
    messages: [{tcp_closed,#Port<0.5546>}]
    links: [<0.84.0>]
    dictionary: []
    trap_exit: false
    status: running
    heap_size: 1598
    stack_size: 27
    reductions: 2256
  neighbours:
2016-01-01 01:31:33 =ERROR REPORT====
** Generic server <0.103.0> terminating 
** Last message in was timeout
** When Server state == {state,#Port<0.5508>,ranch_tcp,undefined,'command_channel@127.0.0.1',1451578313}
** Reason for termination == 
** {{badmatch,{error,closed}},[{maxwell_protocol_channel_command_protocol,handle_info,2,[{file,"/opt/mos/codebase/maxwell-protocol-channel/src/maxwell_protocol_channel_command_protocol.erl"},{line,100}]},{gen_server,handle_msg,5,[{file,"gen_server.erl"},{line,599}]},{proc_lib,init_p_do_apply,3,[{file,"proc_lib.erl"},{line,239}]}]}
2016-01-01 01:31:33 =CRASH REPORT====
  crasher:
    initial call: maxwell_protocol_channel_command_protocol:init/4
    pid: <0.103.0>
    registered_name: []
    exception exit: {{{badmatch,{error,closed}},[{maxwell_protocol_channel_command_protocol,handle_info,2,[{file,"/opt/mos/codebase/maxwell-protocol-channel/src/maxwell_protocol_channel_command_protocol.erl"},{line,100}]},{gen_server,handle_msg,5,[{file,"gen_server.erl"},{line,599}]},{proc_lib,init_p_do_apply,3,[{file,"proc_lib.erl"},{line,239}]}]},[{gen_server,terminate,6,[{file,"gen_server.erl"},{line,746}]},{proc_lib,init_p_do_apply,3,[{file,"proc_lib.erl"},{line,239}]}]}
    ancestors: [<0.84.0>,<0.83.0>,ranch_sup,<0.76.0>]
    messages: [{tcp_closed,#Port<0.5508>}]
    links: [<0.84.0>]
    dictionary: []
    trap_exit: false
    status: running
    heap_size: 1598
    stack_size: 27
    reductions: 2276
  neighbours:
2016-01-01 01:31:33 =ERROR REPORT====
** Generic server <0.104.0> terminating 
** Last message in was timeout
** When Server state == {state,#Port<0.5512>,ranch_tcp,undefined,'command_channel@127.0.0.1',1451578313}
** Reason for termination == 
** {{badmatch,{error,closed}},[{maxwell_protocol_channel_command_protocol,handle_info,2,[{file,"/opt/mos/codebase/maxwell-protocol-channel/src/maxwell_protocol_channel_command_protocol.erl"},{line,100}]},{gen_server,handle_msg,5,[{file,"gen_server.erl"},{line,599}]},{proc_lib,init_p_do_apply,3,[{file,"proc_lib.erl"},{line,239}]}]}
2016-01-01 01:31:33 =CRASH REPORT====
  crasher:
    initial call: maxwell_protocol_channel_command_protocol:init/4
    pid: <0.104.0>
    registered_name: []
    exception exit: {{{badmatch,{error,closed}},[{maxwell_protocol_channel_command_protocol,handle_info,2,[{file,"/opt/mos/codebase/maxwell-protocol-channel/src/maxwell_protocol_channel_command_protocol.erl"},{line,100}]},{gen_server,handle_msg,5,[{file,"gen_server.erl"},{line,599}]},{proc_lib,init_p_do_apply,3,[{file,"proc_lib.erl"},{line,239}]}]},[{gen_server,terminate,6,[{file,"gen_server.erl"},{line,746}]},{proc_lib,init_p_do_apply,3,[{file,"proc_lib.erl"},{line,239}]}]}
    ancestors: [<0.84.0>,<0.83.0>,ranch_sup,<0.76.0>]
    messages: [{tcp_closed,#Port<0.5512>}]
    links: [<0.84.0>]
    dictionary: []
    trap_exit: false
    status: running
    heap_size: 1598
    stack_size: 27
    reductions: 2288
  neighbours:
2016-01-01 01:31:33 =ERROR REPORT====
** Generic server <0.119.0> terminating 
** Last message in was timeout
** When Server state == {state,#Port<0.5550>,ranch_tcp,undefined,'command_channel@127.0.0.1',1451578313}
** Reason for termination == 
** {{badmatch,{error,closed}},[{maxwell_protocol_channel_command_protocol,handle_info,2,[{file,"/opt/mos/codebase/maxwell-protocol-channel/src/maxwell_protocol_channel_command_protocol.erl"},{line,100}]},{gen_server,handle_msg,5,[{file,"gen_server.erl"},{line,599}]},{proc_lib,init_p_do_apply,3,[{file,"proc_lib.erl"},{line,239}]}]}
2016-01-01 01:31:33 =ERROR REPORT====
** Generic server <0.106.0> terminating 
** Last message in was timeout
** When Server state == {state,#Port<0.5520>,ranch_tcp,undefined,'command_channel@127.0.0.1',1451578313}
** Reason for termination == 
** {{badmatch,{error,closed}},[{maxwell_protocol_channel_command_protocol,handle_info,2,[{file,"/opt/mos/codebase/maxwell-protocol-channel/src/maxwell_protocol_channel_command_protocol.erl"},{line,100}]},{gen_server,handle_msg,5,[{file,"gen_server.erl"},{line,599}]},{proc_lib,init_p_do_apply,3,[{file,"proc_lib.erl"},{line,239}]}]}
2016-01-01 01:31:33 =CRASH REPORT====
  crasher:
    initial call: maxwell_protocol_channel_command_protocol:init/4
    pid: <0.119.0>
    registered_name: []
    exception exit: {{{badmatch,{error,closed}},[{maxwell_protocol_channel_command_protocol,handle_info,2,[{file,"/opt/mos/codebase/maxwell-protocol-channel/src/maxwell_protocol_channel_command_protocol.erl"},{line,100}]},{gen_server,handle_msg,5,[{file,"gen_server.erl"},{line,599}]},{proc_lib,init_p_do_apply,3,[{file,"proc_lib.erl"},{line,239}]}]},[{gen_server,terminate,6,[{file,"gen_server.erl"},{line,746}]},{proc_lib,init_p_do_apply,3,[{file,"proc_lib.erl"},{line,239}]}]}
    ancestors: [<0.84.0>,<0.83.0>,ranch_sup,<0.76.0>]
    messages: [{tcp_closed,#Port<0.5550>}]
    links: [<0.84.0>]
    dictionary: []
    trap_exit: false
    status: running
    heap_size: 1598
    stack_size: 27
    reductions: 2248
  neighbours:
2016-01-01 01:31:33 =CRASH REPORT====
  crasher:
    initial call: maxwell_protocol_channel_command_protocol:init/4
    pid: <0.106.0>
    registered_name: []
    exception exit: {{{badmatch,{error,closed}},[{maxwell_protocol_channel_command_protocol,handle_info,2,[{file,"/opt/mos/codebase/maxwell-protocol-channel/src/maxwell_protocol_channel_command_protocol.erl"},{line,100}]},{gen_server,handle_msg,5,[{file,"gen_server.erl"},{line,599}]},{proc_lib,init_p_do_apply,3,[{file,"proc_lib.erl"},{line,239}]}]},[{gen_server,terminate,6,[{file,"gen_server.erl"},{line,746}]},{proc_lib,init_p_do_apply,3,[{file,"proc_lib.erl"},{line,239}]}]}
    ancestors: [<0.84.0>,<0.83.0>,ranch_sup,<0.76.0>]
    messages: [{tcp_closed,#Port<0.5520>}]
    links: [<0.84.0>]
    dictionary: []
    trap_exit: false
    status: running
    heap_size: 1598
    stack_size: 27
    reductions: 2244
  neighbours:
2016-01-01 01:31:33 =ERROR REPORT====
Ranch listener command_channel had connection process started with maxwell_protocol_channel_command_protocol:start_link/4 at <0.109.0> exit with reason: {{badmatch,{error,closed}},[{maxwell_protocol_channel_command_protocol,handle_info,2,[{file,"/opt/mos/codebase/maxwell-protocol-channel/src/maxwell_protocol_channel_command_protocol.erl"},{line,100}]},{gen_server,handle_msg,5,[{file,"gen_server.erl"},{line,599}]},{proc_lib,init_p_do_apply,3,[{file,"proc_lib.erl"},{line,239}]}]}
2016-01-01 01:31:33 =ERROR REPORT====
Ranch listener command_channel had connection process started with maxwell_protocol_channel_command_protocol:start_link/4 at <0.118.0> exit with reason: {{badmatch,{error,closed}},[{maxwell_protocol_channel_command_protocol,handle_info,2,[{file,"/opt/mos/codebase/maxwell-protocol-channel/src/maxwell_protocol_channel_command_protocol.erl"},{line,100}]},{gen_server,handle_msg,5,[{file,"gen_server.erl"},{line,599}]},{proc_lib,init_p_do_apply,3,[{file,"proc_lib.erl"},{line,239}]}]}
2016-01-01 01:31:33 =ERROR REPORT====
Ranch listener command_channel had connection process started with maxwell_protocol_channel_command_protocol:start_link/4 at <0.114.0> exit with reason: {{badmatch,{error,closed}},[{maxwell_protocol_channel_command_protocol,handle_info,2,[{file,"/opt/mos/codebase/maxwell-protocol-channel/src/maxwell_protocol_channel_command_protocol.erl"},{line,100}]},{gen_server,handle_msg,5,[{file,"gen_server.erl"},{line,599}]},{proc_lib,init_p_do_apply,3,[{file,"proc_lib.erl"},{line,239}]}]}
2016-01-01 01:31:33 =ERROR REPORT====
Ranch listener command_channel had connection process started with maxwell_protocol_channel_command_protocol:start_link/4 at <0.115.0> exit with reason: {{badmatch,{error,closed}},[{maxwell_protocol_channel_command_protocol,handle_info,2,[{file,"/opt/mos/codebase/maxwell-protocol-channel/src/maxwell_protocol_channel_command_protocol.erl"},{line,100}]},{gen_server,handle_msg,5,[{file,"gen_server.erl"},{line,599}]},{proc_lib,init_p_do_apply,3,[{file,"proc_lib.erl"},{line,239}]}]}
2016-01-01 01:31:33 =ERROR REPORT====
Ranch listener command_channel had connection process started with maxwell_protocol_channel_command_protocol:start_link/4 at <0.103.0> exit with reason: {{badmatch,{error,closed}},[{maxwell_protocol_channel_command_protocol,handle_info,2,[{file,"/opt/mos/codebase/maxwell-protocol-channel/src/maxwell_protocol_channel_command_protocol.erl"},{line,100}]},{gen_server,handle_msg,5,[{file,"gen_server.erl"},{line,599}]},{proc_lib,init_p_do_apply,3,[{file,"proc_lib.erl"},{line,239}]}]}
2016-01-01 01:31:33 =ERROR REPORT====
Ranch listener command_channel had connection process started with maxwell_protocol_channel_command_protocol:start_link/4 at <0.104.0> exit with reason: {{badmatch,{error,closed}},[{maxwell_protocol_channel_command_protocol,handle_info,2,[{file,"/opt/mos/codebase/maxwell-protocol-channel/src/maxwell_protocol_channel_command_protocol.erl"},{line,100}]},{gen_server,handle_msg,5,[{file,"gen_server.erl"},{line,599}]},{proc_lib,init_p_do_apply,3,[{file,"proc_lib.erl"},{line,239}]}]}
2016-01-01 01:31:33 =ERROR REPORT====
Ranch listener command_channel had connection process started with maxwell_protocol_channel_command_protocol:start_link/4 at <0.119.0> exit with reason: {{badmatch,{error,closed}},[{maxwell_protocol_channel_command_protocol,handle_info,2,[{file,"/opt/mos/codebase/maxwell-protocol-channel/src/maxwell_protocol_channel_command_protocol.erl"},{line,100}]},{gen_server,handle_msg,5,[{file,"gen_server.erl"},{line,599}]},{proc_lib,init_p_do_apply,3,[{file,"proc_lib.erl"},{line,239}]}]}
2016-01-01 01:31:33 =ERROR REPORT====
Ranch listener command_channel had connection process started with maxwell_protocol_channel_command_protocol:start_link/4 at <0.106.0> exit with reason: {{badmatch,{error,closed}},[{maxwell_protocol_channel_command_protocol,handle_info,2,[{file,"/opt/mos/codebase/maxwell-protocol-channel/src/maxwell_protocol_channel_command_protocol.erl"},{line,100}]},{gen_server,handle_msg,5,[{file,"gen_server.erl"},{line,599}]},{proc_lib,init_p_do_apply,3,[{file,"proc_lib.erl"},{line,239}]}]}
2016-01-01 11:15:01 =ERROR REPORT====
** Generic server <0.2091.0> terminating 
** Last message in was {tcp,#Port<0.6097>,<<8,2,16,0,26,30,131,104,3,100,0,5,108,105,115,116,115,100,0,3,115,101,113,108,0,0,0,2,97,1,98,5,245,225,0,106>>}
** When Server state == {state,#Port<0.6097>,ranch_tcp,undefined,'command_channel@127.0.0.1',1451618043}
** Reason for termination == 
** {{badmatch,{error,closed}},[{maxwell_protocol_channel_command_protocol,handle_info,2,[{file,"/opt/mos/codebase/maxwell-protocol-channel/src/maxwell_protocol_channel_command_protocol.erl"},{line,85}]},{gen_server,handle_msg,5,[{file,"gen_server.erl"},{line,599}]},{proc_lib,init_p_do_apply,3,[{file,"proc_lib.erl"},{line,239}]}]}
2016-01-01 11:15:01 =CRASH REPORT====
  crasher:
    initial call: maxwell_protocol_channel_command_protocol:init/4
    pid: <0.2091.0>
    registered_name: []
    exception exit: {{{badmatch,{error,closed}},[{maxwell_protocol_channel_command_protocol,handle_info,2,[{file,"/opt/mos/codebase/maxwell-protocol-channel/src/maxwell_protocol_channel_command_protocol.erl"},{line,85}]},{gen_server,handle_msg,5,[{file,"gen_server.erl"},{line,599}]},{proc_lib,init_p_do_apply,3,[{file,"proc_lib.erl"},{line,239}]}]},[{gen_server,terminate,6,[{file,"gen_server.erl"},{line,746}]},{proc_lib,init_p_do_apply,3,[{file,"proc_lib.erl"},{line,239}]}]}
    ancestors: [<0.84.0>,<0.83.0>,ranch_sup,<0.76.0>]
    messages: [{tcp_closed,#Port<0.6097>}]
    links: [<0.84.0>]
    dictionary: []
    trap_exit: false
    status: running
    heap_size: 31936144
    stack_size: 27
    reductions: 87948376
  neighbours:
2016-01-01 11:15:01 =ERROR REPORT====
Ranch listener command_channel had connection process started with maxwell_protocol_channel_command_protocol:start_link/4 at <0.2091.0> exit with reason: {{badmatch,{error,closed}},[{maxwell_protocol_channel_command_protocol,handle_info,2,[{file,"/opt/mos/codebase/maxwell-protocol-channel/src/maxwell_protocol_channel_command_protocol.erl"},{line,85}]},{gen_server,handle_msg,5,[{file,"gen_server.erl"},{line,599}]},{proc_lib,init_p_do_apply,3,[{file,"proc_lib.erl"},{line,239}]}]}
2016-01-01 11:15:12 =ERROR REPORT====
** Generic server sync_scanner terminating 
** Last message in was {'$gen_cast',discover_src_dirs}
** When Server state == {state,[poolboy_worker,lager_transform,protobuffs,maxwell_protocol_channel_pb,sync_notify,sync_utils,sync_scanner,sync_options,sync,maxwell_protocol_channel_bert,cloud_common_lib,maxwell_protocol_channel_command_protocol,maxwell_protocol_channel_client_pool_worker,poolboy_sup,poolboy,maxwell_protocol_channel_lib,ranch_acceptor,ranch_acceptors_sup,ranch_conns_sup,ranch_listener_sup,ranch_tcp,ranch,maxwell_protocol_channel,maxwell_protocol_channel_client_pools,maxwell_protocol_channel_client_pool_manager,maxwell_protocol_channel_handler_manager,maxwell_protocol_channel_sup,ranch_server,ranch_sup,lager_default_formatter,ranch_app,lager_msg,lager_stdlib,lager_format,lager_default_tracer,glc_code,glc_lib,gr_manager,gr_counter,lager_trunc_io,gr_param,glc_ops,glc,error_logger_lager_h,lager_file_backend,lager_console_backend,lager_backend_throttle,lager_handler_watcher,lager_crash_log,lager_handler_watcher_sup,lager_util,lager_config,lager_sup,lager_app,gr_manager_sup,gr_param_sup,gr_counter_sup,gr_sup,gr_app,lager,maxwell_protocol_channel_app,start_channel,erts_internal,erlang,erl_prim_loader,prim_zip,zlib,prim_file,prim_inet,prim_eval,init,otp_ring0],["/opt/mos/codebase/maxwell-protocol-channel/deps/cloud_common_lib/src","/opt/mos/codebase/maxwell-protocol-channel/deps/goldrush/src","/opt/mos/codebase/maxwell-protocol-channel/deps/lager/src","/opt/mos/codebase/maxwell-protocol-channel/deps/poolboy/src","/opt/mos/codebase/maxwell-protocol-channel/deps/protobuffs/src","/opt/mos/codebase/maxwell-protocol-channel/deps/ranch/src","/opt/mos/codebase/maxwell-protocol-channel/deps/sync/src","/opt/mos/codebase/maxwell-protocol-channel/src","/opt/mos/codebase/maxwell-protocol-channel/tools"],["/opt/mos/codebase/maxwell-protocol-channel/deps/cloud_common_lib/src/cloud_common_lib.erl","/opt/mos/codebase/maxwell-protocol-channel/deps/goldrush/src/glc.erl","/opt/mos/codebase/maxwell-protocol-channel/deps/goldrush/src/glc_code.erl","/opt/mos/codebase/maxwell-protocol-channel/deps/goldrush/src/glc_lib.erl","/opt/mos/codebase/maxwell-protocol-channel/deps/goldrush/src/glc_ops.erl","/opt/mos/codebase/maxwell-protocol-channel/deps/goldrush/src/gr_app.erl","/opt/mos/codebase/maxwell-protocol-channel/deps/goldrush/src/gr_context.erl","/opt/mos/codebase/maxwell-protocol-channel/deps/goldrush/src/gr_counter.erl","/opt/mos/codebase/maxwell-protocol-channel/deps/goldrush/src/gr_counter_sup.erl","/opt/mos/codebase/maxwell-protocol-channel/deps/goldrush/src/gr_manager.erl","/opt/mos/codebase/maxwell-protocol-channel/deps/goldrush/src/gr_manager_sup.erl","/opt/mos/codebase/maxwell-protocol-channel/deps/goldrush/src/gr_param.erl","/opt/mos/codebase/maxwell-protocol-channel/deps/goldrush/src/gr_param_sup.erl","/opt/mos/codebase/maxwell-protocol-channel/deps/goldrush/src/gr_sup.erl","/opt/mos/codebase/maxwell-protocol-channel/deps/goldrush/src/gre.erl","/opt/mos/codebase/maxwell-protocol-channel/deps/lager/src/error_logger_lager_h.erl","/opt/mos/codebase/maxwell-protocol-channel/deps/lager/src/lager.erl","/opt/mos/codebase/maxwell-protocol-channel/deps/lager/src/lager_app.erl","/opt/mos/codebase/maxwell-protocol-channel/deps/lager/src/lager_backend_throttle.erl","/opt/mos/codebase/maxwell-protocol-channel/deps/lager/src/lager_config.erl","/opt/mos/codebase/maxwell-protocol-channel/deps/lager/src/lager_console_backend.erl","/opt/mos/codebase/maxwell-protocol-channel/deps/lager/src/lager_crash_log.erl","/opt/mos/codebase/maxwell-protocol-channel/deps/lager/src/lager_default_formatter.erl","/opt/mos/codebase/maxwell-protocol-channel/deps/lager/src/lager_file_backend.erl","/opt/mos/codebase/maxwell-protocol-channel/deps/lager/src/lager_format.erl","/opt/mos/codebase/maxwell-protocol-channel/deps/lager/src/lager_handler_watcher.erl","/opt/mos/codebase/maxwell-protocol-channel/deps/lager/src/lager_handler_watcher_sup.erl","/opt/mos/codebase/maxwell-protocol-channel/deps/lager/src/lager_msg.erl","/opt/mos/codebase/maxwell-protocol-channel/deps/lager/src/lager_stdlib.erl","/opt/mos/codebase/maxwell-protocol-channel/deps/lager/src/lager_sup.erl","/opt/mos/codebase/maxwell-protocol-channel/deps/lager/src/lager_transform.erl","/opt/mos/codebase/maxwell-protocol-channel/deps/lager/src/lager_trunc_io.erl","/opt/mos/codebase/maxwell-protocol-channel/deps/lager/src/lager_util.erl","/opt/mos/codebase/maxwell-protocol-channel/deps/poolboy/src/poolboy.erl","/opt/mos/codebase/maxwell-protocol-channel/deps/poolboy/src/poolboy_sup.erl","/opt/mos/codebase/maxwell-protocol-channel/deps/poolboy/src/poolboy_worker.erl","/opt/mos/codebase/maxwell-protocol-channel/deps/protobuffs/src/pokemon_pb.erl","/opt/mos/codebase/maxwell-protocol-channel/deps/protobuffs/src/protobuffs.erl","/opt/mos/codebase/maxwell-protocol-channel/deps/protobuffs/src/protobuffs_compile.erl","/opt/mos/codebase/maxwell-protocol-channel/deps/protobuffs/src/protobuffs_file.erl","/opt/mos/codebase/maxwell-protocol-channel/deps/protobuffs/src/protobuffs_parser.erl","/opt/mos/codebase/maxwell-protocol-channel/deps/protobuffs/src/protobuffs_scanner.erl","/opt/mos/codebase/maxwell-protocol-channel/deps/ranch/src/ranch.erl","/opt/mos/codebase/maxwell-protocol-channel/deps/ranch/src/ranch_acceptor.erl","/opt/mos/codebase/maxwell-protocol-channel/deps/ranch/src/ranch_acceptors_sup.erl","/opt/mos/codebase/maxwell-protocol-channel/deps/ranch/src/ranch_app.erl","/opt/mos/codebase/maxwell-protocol-channel/deps/ranch/src/ranch_conns_sup.erl","/opt/mos/codebase/maxwell-protocol-channel/deps/ranch/src/ranch_listener_sup.erl","/opt/mos/codebase/maxwell-protocol-channel/deps/ranch/src/ranch_protocol.erl","/opt/mos/codebase/maxwell-protocol-channel/deps/ranch/src/ranch_server.erl","/opt/mos/codebase/maxwell-protocol-channel/deps/ranch/src/ranch_ssl.erl","/opt/mos/codebase/maxwell-protocol-channel/deps/ranch/src/ranch_sup.erl","/opt/mos/codebase/maxwell-protocol-channel/deps/ranch/src/ranch_tcp.erl","/opt/mos/codebase/maxwell-protocol-channel/deps/ranch/src/ranch_transport.erl","/opt/mos/codebase/maxwell-protocol-channel/deps/sync/src/sync.erl","/opt/mos/codebase/maxwell-protocol-channel/deps/sync/src/sync_notify.erl","/opt/mos/codebase/maxwell-protocol-channel/deps/sync/src/sync_options.erl","/opt/mos/codebase/maxwell-protocol-channel/deps/sync/src/sync_scanner.erl","/opt/mos/codebase/maxwell-protocol-channel/deps/sync/src/sync_utils.erl","/opt/mos/codebase/maxwell-protocol-channel/src/bert.erl","/opt/mos/codebase/maxwell-protocol-channel/src/maxwell_protocol_channel.erl","/opt/mos/codebase/maxwell-protocol-channel/src/maxwell_protocol_channel_app.erl","/opt/mos/codebase/maxwell-protocol-channel/src/maxwell_protocol_channel_bert.erl","/opt/mos/codebase/maxwell-protocol-channel/src/maxwell_protocol_channel_client_pool_manager.erl","/opt/mos/codebase/maxwell-protocol-channel/src/maxwell_protocol_channel_client_pool_worker.erl","/opt/mos/codebase/maxwell-protocol-channel/src/maxwell_protocol_channel_client_pools.erl","/opt/mos/codebase/maxwell-protocol-channel/src/maxwell_protocol_channel_command_protocol.erl","/opt/mos/codebase/maxwell-protocol-channel/src/maxwell_protocol_channel_handler_manager.erl","/opt/mos/codebase/maxwell-protocol-channel/src/maxwell_protocol_channel_lib.erl","/opt/mos/codebase/maxwell-protocol-channel/src/maxwell_protocol_channel_sup.erl","/opt/mos/codebase/maxwell-protocol-channel/tools/start_channel.erl"],["/opt/mos/codebase/maxwell-protocol-channel/deps/lager/include","/opt/mos/codebase/maxwell-protocol-channel/include"],["/opt/mos/codebase/maxwell-protocol-channel/deps/lager/include/lager.hrl","/opt/mos/codebase/maxwell-protocol-channel/include/maxwell_protocol_channel_pb.hrl"],[{cloud_common_lib,{{2015,12,31},{16,39,14}}},{erl_prim_loader,0},{erlang,0},{error_logger_lager_h,{{2015,12,31},{15,50,32}}},{erts_internal,0},{glc,{{2015,12,31},{10,37,45}}},{glc_code,{{2015,12,31},{10,37,45}}},{glc_lib,{{2015,12,31},{10,37,45}}},{glc_ops,{{2015,12,31},{10,37,45}}},{gr_app,{{2015,12,31},{10,37,45}}},{gr_counter,{{2015,12,31},{10,37,45}}},{gr_counter_sup,{{2015,12,31},{10,37,45}}},{gr_manager,{{2015,12,31},{10,37,45}}},{gr_manager_sup,{{2015,12,31},{10,37,45}}},{gr_param,{{2015,12,31},{10,37,45}}},{gr_param_sup,{{2015,12,31},{10,37,45}}},{gr_sup,{{2015,12,31},{10,37,45}}},{init,0},{lager,{{2015,12,31},{15,50,32}}},{lager_app,{{2015,12,31},{15,50,32}}},{lager_backend_throttle,{{2015,12,31},{15,50,32}}},{lager_config,{{2015,12,31},{15,50,32}}},{lager_console_backend,{{2015,12,31},{15,50,32}}},{lager_crash_log,{{2015,12,31},{15,50,32}}},{lager_default_formatter,{{2015,12,31},{15,50,32}}},{lager_default_tracer,0},{lager_file_backend,{{2015,12,31},{15,50,32}}},{lager_format,{{2015,12,31},{15,50,32}}},{lager_handler_watcher,{{2015,12,31},{15,50,32}}},{lager_handler_watcher_sup,{{2015,12,31},{15,50,32}}},{lager_msg,{{2015,12,31},{15,50,32}}},{lager_stdlib,{{2015,12,31},{15,50,32}}},{lager_sup,{{2015,12,31},{15,50,32}}},{lager_transform,{{2015,12,31},{15,50,31}}},{lager_trunc_io,{{2015,12,31},{15,50,32}}},{lager_util,{{2015,12,31},{15,50,31}}},{maxwell_protocol_channel,{{2015,12,31},{20,19,50}}},{maxwell_protocol_channel_app,{{2015,12,31},{20,19,43}}},{maxwell_protocol_channel_bert,{{2015,12,31},{21,50,32}}},{maxwell_protocol_channel_client_pool_manager,{{2015,12,31},{20,19,43}}},{maxwell_protocol_channel_client_pool_worker,{{2016,1,1},{11,13,56}}},{maxwell_protocol_channel_client_pools,{{2015,12,31},{20,19,43}}},{maxwell_protocol_channel_command_protocol,{{2015,12,31},{21,50,14}}},{maxwell_protocol_channel_handler_manager,{{2015,12,31},{20,19,43}}},{maxwell_protocol_channel_lib,{{2015,12,31},{20,19,43}}},{maxwell_protocol_channel_pb,{{2015,12,31},{20,19,50}}},{maxwell_protocol_channel_sup,{{2015,12,31},{20,19,43}}},{otp_ring0,0},{poolboy,{{2015,12,31},{10,37,45}}},{poolboy_sup,{{2015,12,31},{10,37,45}}},{poolboy_worker,{{2015,12,31},{10,37,45}}},{prim_eval,0},{prim_file,0},{prim_inet,0},{prim_zip,0},{protobuffs,{{2015,12,28},{21,4,6}}},{ranch,{{2015,12,31},{10,45,43}}},{ranch_acceptor,{{2015,12,31},{10,45,43}}},{ranch_acceptors_sup,{{2015,12,31},{10,45,43}}},{ranch_app,{{2015,12,31},{10,45,43}}},{ranch_conns_sup,{{2015,12,31},{10,45,43}}},{ranch_listener_sup,{{2015,12,31},{10,45,43}}},{ranch_server,{{2015,12,31},{10,45,43}}},{ranch_sup,{{2015,12,31},{10,45,43}}},{ranch_tcp,{{2015,12,31},{10,45,43}}},{start_channel,{{2015,12,31},{17,28,35}}},{sync,{{2015,12,31},{17,30,0}}},{sync_notify,{{2015,12,31},{17,30,0}}},{sync_options,{{2015,12,31},{17,29,59}}},{sync_scanner,{{2015,12,31},{17,29,59}}},{sync_utils,{{2015,12,31},{17,29,59}}},{zlib,0}],[{"/opt/mos/codebase/maxwell-protocol-channel/deps/cloud_common_lib/src/cloud_common_lib.erl",{{2015,12,31},{16,39,12}}},{"/opt/mos/codebase/maxwell-protocol-channel/deps/goldrush/src/glc.erl",{{2015,12,31},{10,37,43}}},{"/opt/mos/codebase/maxwell-protocol-channel/deps/goldrush/src/glc_code.erl",{{2015,12,31},{10,37,43}}},{"/opt/mos/codebase/maxwell-protocol-channel/deps/goldrush/src/glc_lib.erl",{{2015,12,31},{10,37,43}}},{"/opt/mos/codebase/maxwell-protocol-channel/deps/goldrush/src/glc_ops.erl",{{2015,12,31},{10,37,43}}},{"/opt/mos/codebase/maxwell-protocol-channel/deps/goldrush/src/gr_app.erl",{{2015,12,31},{10,37,43}}},{"/opt/mos/codebase/maxwell-protocol-channel/deps/goldrush/src/gr_context.erl",{{2015,12,31},{10,37,43}}},{"/opt/mos/codebase/maxwell-protocol-channel/deps/goldrush/src/gr_counter.erl",{{2015,12,31},{10,37,43}}},{"/opt/mos/codebase/maxwell-protocol-channel/deps/goldrush/src/gr_counter_sup.erl",{{2015,12,31},{10,37,43}}},{"/opt/mos/codebase/maxwell-protocol-channel/deps/goldrush/src/gr_manager.erl",{{2015,12,31},{10,37,43}}},{"/opt/mos/codebase/maxwell-protocol-channel/deps/goldrush/src/gr_manager_sup.erl",{{2015,12,31},{10,37,43}}},{"/opt/mos/codebase/maxwell-protocol-channel/deps/goldrush/src/gr_param.erl",{{2015,12,31},{10,37,43}}},{"/opt/mos/codebase/maxwell-protocol-channel/deps/goldrush/src/gr_param_sup.erl",{{2015,12,31},{10,37,43}}},{"/opt/mos/codebase/maxwell-protocol-channel/deps/goldrush/src/gr_sup.erl",{{2015,12,31},{10,37,43}}},{"/opt/mos/codebase/maxwell-protocol-channel/deps/goldrush/src/gre.erl",{{2015,12,31},{10,37,43}}},{"/opt/mos/codebase/maxwell-protocol-channel/deps/lager/src/error_logger_lager_h.erl",{{2015,12,31},{15,50,29}}},{"/opt/mos/codebase/maxwell-protocol-channel/deps/lager/src/lager.erl",{{2015,12,31},{15,50,29}}},{"/opt/mos/codebase/maxwell-protocol-channel/deps/lager/src/lager_app.erl",{{2015,12,31},{15,50,29}}},{"/opt/mos/codebase/maxwell-protocol-channel/deps/lager/src/lager_backend_throttle.erl",{{2015,12,31},{15,50,29}}},{"/opt/mos/codebase/maxwell-protocol-channel/deps/lager/src/lager_config.erl",{{2015,12,31},{15,50,29}}},{"/opt/mos/codebase/maxwell-protocol-channel/deps/lager/src/lager_console_backend.erl",{{2015,12,31},{15,50,29}}},{"/opt/mos/codebase/maxwell-protocol-channel/deps/lager/src/lager_crash_log.erl",{{2015,12,31},{15,50,29}}},{"/opt/mos/codebase/maxwell-protocol-channel/deps/lager/src/lager_default_formatter.erl",{{2015,12,31},{15,50,29}}},{"/opt/mos/codebase/maxwell-protocol-channel/deps/lager/src/lager_file_backend.erl",{{2015,12,31},{15,50,29}}},{"/opt/mos/codebase/maxwell-protocol-channel/deps/lager/src/lager_format.erl",{{2015,12,31},{15,50,29}}},{"/opt/mos/codebase/maxwell-protocol-channel/deps/lager/src/lager_handler_watcher.erl",{{2015,12,31},{15,50,29}}},{"/opt/mos/codebase/maxwell-protocol-channel/deps/lager/src/lager_handler_watcher_sup.erl",{{2015,12,31},{15,50,29}}},{"/opt/mos/codebase/maxwell-protocol-channel/deps/lager/src/lager_msg.erl",{{2015,12,31},{15,50,29}}},{"/opt/mos/codebase/maxwell-protocol-channel/deps/lager/src/lager_stdlib.erl",{{2015,12,31},{15,50,29}}},{"/opt/mos/codebase/maxwell-protocol-channel/deps/lager/src/lager_sup.erl",{{2015,12,31},{15,50,29}}},{"/opt/mos/codebase/maxwell-protocol-channel/deps/lager/src/lager_transform.erl",{{2015,12,31},{15,50,29}}},{"/opt/mos/codebase/maxwell-protocol-channel/deps/lager/src/lager_trunc_io.erl",{{2015,12,31},{15,50,29}}},{"/opt/mos/codebase/maxwell-protocol-channel/deps/lager/src/lager_util.erl",{{2015,12,31},{15,50,29}}},{"/opt/mos/codebase/maxwell-protocol-channel/deps/poolboy/src/poolboy.erl",{{2015,12,31},{10,37,23}}},{"/opt/mos/codebase/maxwell-protocol-channel/deps/poolboy/src/poolboy_sup.erl",{{2015,12,31},{10,37,23}}},{"/opt/mos/codebase/maxwell-protocol-channel/deps/poolboy/src/poolboy_worker.erl",{{2015,12,31},{10,37,23}}},{"/opt/mos/codebase/maxwell-protocol-channel/deps/protobuffs/src/pokemon_pb.erl",{{2015,12,28},{21,3,52}}},{"/opt/mos/codebase/maxwell-protocol-channel/deps/protobuffs/src/protobuffs.erl",{{2015,12,28},{21,3,52}}},{"/opt/mos/codebase/maxwell-protocol-channel/deps/protobuffs/src/protobuffs_compile.erl",{{2015,12,28},{21,3,52}}},{"/opt/mos/codebase/maxwell-protocol-channel/deps/protobuffs/src/protobuffs_file.erl",{{2015,12,28},{21,3,52}}},{"/opt/mos/codebase/maxwell-protocol-channel/deps/protobuffs/src/protobuffs_parser.erl",{{2015,12,28},{21,4,5}}},{"/opt/mos/codebase/maxwell-protocol-channel/deps/protobuffs/src/protobuffs_scanner.erl",{{2015,12,28},{21,4,5}}},{"/opt/mos/codebase/maxwell-protocol-channel/deps/ranch/src/ranch.erl",{{2015,12,31},{10,45,41}}},{"/opt/mos/codebase/maxwell-protocol-channel/deps/ranch/src/ranch_acceptor.erl",{{2015,12,31},{10,45,41}}},{"/opt/mos/codebase/maxwell-protocol-channel/deps/ranch/src/ranch_acceptors_sup.erl",{{2015,12,31},{10,45,41}}},{"/opt/mos/codebase/maxwell-protocol-channel/deps/ranch/src/ranch_app.erl",{{2015,12,31},{10,45,41}}},{"/opt/mos/codebase/maxwell-protocol-channel/deps/ranch/src/ranch_conns_sup.erl",{{2015,12,31},{10,45,41}}},{"/opt/mos/codebase/maxwell-protocol-channel/deps/ranch/src/ranch_listener_sup.erl",{{2015,12,31},{10,45,41}}},{"/opt/mos/codebase/maxwell-protocol-channel/deps/ranch/src/ranch_protocol.erl",{{2015,12,31},{10,45,41}}},{"/opt/mos/codebase/maxwell-protocol-channel/deps/ranch/src/ranch_server.erl",{{2015,12,31},{10,45,41}}},{"/opt/mos/codebase/maxwell-protocol-channel/deps/ranch/src/ranch_ssl.erl",{{2015,12,31},{10,45,41}}},{"/opt/mos/codebase/maxwell-protocol-channel/deps/ranch/src/ranch_sup.erl",{{2015,12,31},{10,45,41}}},{"/opt/mos/codebase/maxwell-protocol-channel/deps/ranch/src/ranch_tcp.erl",{{2015,12,31},{10,45,42}}},{"/opt/mos/codebase/maxwell-protocol-channel/deps/ranch/src/ranch_transport.erl",{{2015,12,31},{10,45,42}}},{"/opt/mos/codebase/maxwell-protocol-channel/deps/sync/src/sync.erl",{{2015,12,31},{17,29,57}}},{"/opt/mos/codebase/maxwell-protocol-channel/deps/sync/src/sync_notify.erl",{{2015,12,31},{17,29,57}}},{"/opt/mos/codebase/maxwell-protocol-channel/deps/sync/src/sync_options.erl",{{2015,12,31},{17,29,57}}},{"/opt/mos/codebase/maxwell-protocol-channel/deps/sync/src/sync_scanner.erl",{{2015,12,31},{17,29,57}}},{"/opt/mos/codebase/maxwell-protocol-channel/deps/sync/src/sync_utils.erl",{{2015,12,31},{17,29,57}}},{"/opt/mos/codebase/maxwell-protocol-channel/src/bert.erl",{{2016,1,1},{0,11,45}}},{"/opt/mos/codebase/maxwell-protocol-channel/src/maxwell_protocol_channel.erl",{{2015,12,31},{20,19,42}}},{"/opt/mos/codebase/maxwell-protocol-channel/src/maxwell_protocol_channel_app.erl",{{2015,12,31},{20,19,42}}},{"/opt/mos/codebase/maxwell-protocol-channel/src/maxwell_protocol_channel_bert.erl",{{2015,12,31},{21,50,32}}},{"/opt/mos/codebase/maxwell-protocol-channel/src/maxwell_protocol_channel_client_pool_manager.erl",{{2015,12,31},{20,19,42}}},{"/opt/mos/codebase/maxwell-protocol-channel/src/maxwell_protocol_channel_client_pool_worker.erl",{{2016,1,1},{11,13,55}}},{"/opt/mos/codebase/maxwell-protocol-channel/src/maxwell_protocol_channel_client_pools.erl",{{2015,12,31},{20,19,42}}},{"/opt/mos/codebase/maxwell-protocol-channel/src/maxwell_protocol_channel_command_protocol.erl",{{2015,12,31},{21,50,14}}},{"/opt/mos/codebase/maxwell-protocol-channel/src/maxwell_protocol_channel_handler_manager.erl",{{2015,12,31},{20,19,42}}},{"/opt/mos/codebase/maxwell-protocol-channel/src/maxwell_protocol_channel_lib.erl",{{2015,12,31},{20,19,42}}},{"/opt/mos/codebase/maxwell-protocol-channel/src/maxwell_protocol_channel_sup.erl",{{2015,12,31},{20,19,42}}},{"/opt/mos/codebase/maxwell-protocol-channel/tools/start_channel.erl",{{2015,12,31},{17,28,26}}}],[{"/opt/mos/codebase/maxwell-protocol-channel/deps/lager/include/lager.hrl",{{2015,12,31},{15,50,29}}},{"/opt/mos/codebase/maxwell-protocol-channel/include/maxwell_protocol_channel_pb.hrl",{{2015,12,31},{20,19,49}}}],[{discover_modules,{1451618124111879,#Ref<0.0.0.135479>}},{discover_src_dirs,{1451618089652666,#Ref<0.0.0.132171>}},{discover_src_files,{1451618095745509,#Ref<0.0.0.135395>}},{compare_src_files,{1451618095089695,#Ref<0.0.0.135476>}},{compare_beams,{1451618091954498,#Ref<0.0.0.135291>}},{compare_hrl_files,{1451618092210586,#Ref<0.0.0.135296>}}],false,false}
** Reason for termination == 
** {timeout,{gen_server,call,[sync_options,{set_options,"/opt/mos/codebase/maxwell-protocol-channel/deps/sync/src",[{i,"/opt/mos/codebase/maxwell-protocol-channel/include"},{type,erl},{outdir,"/opt/mos/codebase/maxwell-protocol-channel/deps/sync/ebin"},debug_info,debug_info,fail_on_warning]}]}}
2016-01-01 11:15:12 =CRASH REPORT====
  crasher:
    initial call: sync_scanner:init/1
    pid: <0.125.0>
    registered_name: sync_scanner
    exception exit: {{timeout,{gen_server,call,[sync_options,{set_options,"/opt/mos/codebase/maxwell-protocol-channel/deps/sync/src",[{i,"/opt/mos/codebase/maxwell-protocol-channel/include"},{type,erl},{outdir,"/opt/mos/codebase/maxwell-protocol-channel/deps/sync/ebin"},debug_info,debug_info,fail_on_warning]}]}},[{gen_server,terminate,6,[{file,"gen_server.erl"},{line,746}]},{proc_lib,init_p_do_apply,3,[{file,"proc_lib.erl"},{line,239}]}]}
    ancestors: [sync,<0.122.0>]
    messages: [{'$gen_cast',compare_beams},{'$gen_cast',compare_hrl_files},{'$gen_cast',compare_src_files},{'$gen_cast',discover_src_files},{#Ref<0.0.0.135589>,ok}]
    links: [<0.123.0>]
    dictionary: []
    trap_exit: true
    status: running
    heap_size: 17731
    stack_size: 27
    reductions: 27758544
  neighbours:
2016-01-01 11:15:12 =SUPERVISOR REPORT====
     Supervisor: {local,sync}
     Context:    child_terminated
     Reason:     {timeout,{gen_server,call,[sync_options,{set_options,"/opt/mos/codebase/maxwell-protocol-channel/deps/sync/src",[{i,"/opt/mos/codebase/maxwell-protocol-channel/include"},{type,erl},{outdir,"/opt/mos/codebase/maxwell-protocol-channel/deps/sync/ebin"},debug_info,debug_info,fail_on_warning]}]}}
     Offender:   [{pid,<0.125.0>},{name,sync_scanner},{mfargs,{sync_scanner,start_link,[]}},{restart_type,permanent},{shutdown,5000},{child_type,worker}]

2016-01-01 11:15:28 =ERROR REPORT====
** Generic server <0.2122.0> terminating 
** Last message in was {tcp,#Port<0.6099>,<<8,2,16,0,26,30,131,104,3,100,0,5,108,105,115,116,115,100,0,3,115,101,113,108,0,0,0,2,97,1,98,5,245,225,0,106>>}
** When Server state == {state,#Port<0.6099>,ranch_tcp,undefined,'command_channel@127.0.0.1',1451618056}
** Reason for termination == 
** {{badmatch,{error,closed}},[{maxwell_protocol_channel_command_protocol,handle_info,2,[{file,"/opt/mos/codebase/maxwell-protocol-channel/src/maxwell_protocol_channel_command_protocol.erl"},{line,85}]},{gen_server,handle_msg,5,[{file,"gen_server.erl"},{line,599}]},{proc_lib,init_p_do_apply,3,[{file,"proc_lib.erl"},{line,239}]}]}
2016-01-01 11:15:28 =CRASH REPORT====
  crasher:
    initial call: maxwell_protocol_channel_command_protocol:init/4
    pid: <0.2122.0>
    registered_name: []
    exception exit: {{{badmatch,{error,closed}},[{maxwell_protocol_channel_command_protocol,handle_info,2,[{file,"/opt/mos/codebase/maxwell-protocol-channel/src/maxwell_protocol_channel_command_protocol.erl"},{line,85}]},{gen_server,handle_msg,5,[{file,"gen_server.erl"},{line,599}]},{proc_lib,init_p_do_apply,3,[{file,"proc_lib.erl"},{line,239}]}]},[{gen_server,terminate,6,[{file,"gen_server.erl"},{line,746}]},{proc_lib,init_p_do_apply,3,[{file,"proc_lib.erl"},{line,239}]}]}
    ancestors: [<0.84.0>,<0.83.0>,ranch_sup,<0.76.0>]
    messages: [{tcp_closed,#Port<0.6099>}]
    links: [<0.84.0>]
    dictionary: []
    trap_exit: false
    status: running
    heap_size: 31936144
    stack_size: 27
    reductions: 87896399
  neighbours:
2016-01-01 11:15:28 =ERROR REPORT====
Ranch listener command_channel had connection process started with maxwell_protocol_channel_command_protocol:start_link/4 at <0.2122.0> exit with reason: {{badmatch,{error,closed}},[{maxwell_protocol_channel_command_protocol,handle_info,2,[{file,"/opt/mos/codebase/maxwell-protocol-channel/src/maxwell_protocol_channel_command_protocol.erl"},{line,85}]},{gen_server,handle_msg,5,[{file,"gen_server.erl"},{line,599}]},{proc_lib,init_p_do_apply,3,[{file,"proc_lib.erl"},{line,239}]}]}
2016-01-01 11:16:29 =ERROR REPORT====
** Generic server <0.2133.0> terminating 
** Last message in was {tcp,#Port<0.6101>,<<8,2,16,0,26,30,131,104,3,100,0,5,108,105,115,116,115,100,0,3,115,101,113,108,0,0,0,2,97,1,98,5,245,225,0,106>>}
** When Server state == {state,#Port<0.6101>,ranch_tcp,undefined,'command_channel@127.0.0.1',1451618061}
** Reason for termination == 
** {{badmatch,{error,closed}},[{maxwell_protocol_channel_command_protocol,handle_info,2,[{file,"/opt/mos/codebase/maxwell-protocol-channel/src/maxwell_protocol_channel_command_protocol.erl"},{line,85}]},{gen_server,handle_msg,5,[{file,"gen_server.erl"},{line,599}]},{proc_lib,init_p_do_apply,3,[{file,"proc_lib.erl"},{line,239}]}]}
2016-01-01 11:16:29 =CRASH REPORT====
  crasher:
    initial call: maxwell_protocol_channel_command_protocol:init/4
    pid: <0.2133.0>
    registered_name: []
    exception exit: {{{badmatch,{error,closed}},[{maxwell_protocol_channel_command_protocol,handle_info,2,[{file,"/opt/mos/codebase/maxwell-protocol-channel/src/maxwell_protocol_channel_command_protocol.erl"},{line,85}]},{gen_server,handle_msg,5,[{file,"gen_server.erl"},{line,599}]},{proc_lib,init_p_do_apply,3,[{file,"proc_lib.erl"},{line,239}]}]},[{gen_server,terminate,6,[{file,"gen_server.erl"},{line,746}]},{proc_lib,init_p_do_apply,3,[{file,"proc_lib.erl"},{line,239}]}]}
    ancestors: [<0.84.0>,<0.83.0>,ranch_sup,<0.76.0>]
    messages: [{tcp_closed,#Port<0.6101>}]
    links: [<0.84.0>]
    dictionary: []
    trap_exit: false
    status: running
    heap_size: 31936144
    stack_size: 27
    reductions: 87896402
  neighbours:
2016-01-01 11:16:30 =ERROR REPORT====
Ranch listener command_channel had connection process started with maxwell_protocol_channel_command_protocol:start_link/4 at <0.2133.0> exit with reason: {{badmatch,{error,closed}},[{maxwell_protocol_channel_command_protocol,handle_info,2,[{file,"/opt/mos/codebase/maxwell-protocol-channel/src/maxwell_protocol_channel_command_protocol.erl"},{line,85}]},{gen_server,handle_msg,5,[{file,"gen_server.erl"},{line,599}]},{proc_lib,init_p_do_apply,3,[{file,"proc_lib.erl"},{line,239}]}]}
2016-01-01 11:16:45 =ERROR REPORT====
** Generic server sync_scanner terminating 
** Last message in was {'$gen_cast',discover_src_dirs}
** When Server state == {state,[poolboy_worker,lager_transform,protobuffs,maxwell_protocol_channel_pb,sync_notify,sync_utils,sync_scanner,sync_options,sync,maxwell_protocol_channel_bert,cloud_common_lib,maxwell_protocol_channel_command_protocol,maxwell_protocol_channel_client_pool_worker,poolboy_sup,poolboy,maxwell_protocol_channel_lib,ranch_acceptor,ranch_acceptors_sup,ranch_conns_sup,ranch_listener_sup,ranch_tcp,ranch,maxwell_protocol_channel,maxwell_protocol_channel_client_pools,maxwell_protocol_channel_client_pool_manager,maxwell_protocol_channel_handler_manager,maxwell_protocol_channel_sup,ranch_server,ranch_sup,lager_default_formatter,ranch_app,lager_msg,lager_stdlib,lager_format,lager_default_tracer,glc_code,glc_lib,gr_manager,gr_counter,lager_trunc_io,gr_param,glc_ops,glc,error_logger_lager_h,lager_file_backend,lager_console_backend,lager_backend_throttle,lager_handler_watcher,lager_crash_log,lager_handler_watcher_sup,lager_util,lager_config,lager_sup,lager_app,gr_manager_sup,gr_param_sup,gr_counter_sup,gr_sup,gr_app,lager,maxwell_protocol_channel_app,start_channel,erts_internal,erlang,erl_prim_loader,prim_zip,zlib,prim_file,prim_inet,prim_eval,init,otp_ring0],[],[],[],[],undefined,[],[],[{discover_modules,{1451618197945678,#Ref<0.0.0.135687>}}],false,false}
** Reason for termination == 
** {timeout,{gen_server,call,[sync_options,{set_options,"/opt/mos/codebase/maxwell-protocol-channel/deps/sync/src",[{i,"/opt/mos/codebase/maxwell-protocol-channel/include"},{type,erl},{outdir,"/opt/mos/codebase/maxwell-protocol-channel/deps/sync/ebin"},debug_info,debug_info,fail_on_warning]}]}}
2016-01-01 11:16:45 =CRASH REPORT====
  crasher:
    initial call: sync_scanner:init/1
    pid: <0.2199.0>
    registered_name: sync_scanner
    exception exit: {{timeout,{gen_server,call,[sync_options,{set_options,"/opt/mos/codebase/maxwell-protocol-channel/deps/sync/src",[{i,"/opt/mos/codebase/maxwell-protocol-channel/include"},{type,erl},{outdir,"/opt/mos/codebase/maxwell-protocol-channel/deps/sync/ebin"},debug_info,debug_info,fail_on_warning]}]}},[{gen_server,terminate,6,[{file,"gen_server.erl"},{line,746}]},{proc_lib,init_p_do_apply,3,[{file,"proc_lib.erl"},{line,239}]}]}
    ancestors: [sync,<0.122.0>]
    messages: [{'$gen_cast',discover_src_files},{'$gen_cast',compare_src_files},{'$gen_cast',compare_beams},{'$gen_cast',compare_hrl_files},{'$gen_cast',discover_modules},{'$gen_cast',discover_modules}]
    links: [<0.123.0>]
    dictionary: []
    trap_exit: true
    status: running
    heap_size: 4185
    stack_size: 27
    reductions: 39802
  neighbours:
2016-01-01 11:16:45 =SUPERVISOR REPORT====
     Supervisor: {local,sync}
     Context:    child_terminated
     Reason:     {timeout,{gen_server,call,[sync_options,{set_options,"/opt/mos/codebase/maxwell-protocol-channel/deps/sync/src",[{i,"/opt/mos/codebase/maxwell-protocol-channel/include"},{type,erl},{outdir,"/opt/mos/codebase/maxwell-protocol-channel/deps/sync/ebin"},debug_info,debug_info,fail_on_warning]}]}}
     Offender:   [{pid,<0.2199.0>},{name,sync_scanner},{mfargs,{sync_scanner,start_link,[]}},{restart_type,permanent},{shutdown,5000},{child_type,worker}]

2016-01-01 11:17:26 =ERROR REPORT====
** Generic server <0.2146.0> terminating 
** Last message in was {tcp,#Port<0.6103>,<<8,2,16,0,26,30,131,104,3,100,0,5,108,105,115,116,115,100,0,3,115,101,113,108,0,0,0,2,97,1,98,5,245,225,0,106>>}
** When Server state == {state,#Port<0.6103>,ranch_tcp,undefined,'command_channel@127.0.0.1',1451618066}
** Reason for termination == 
** {{badmatch,{error,closed}},[{maxwell_protocol_channel_command_protocol,handle_info,2,[{file,"/opt/mos/codebase/maxwell-protocol-channel/src/maxwell_protocol_channel_command_protocol.erl"},{line,85}]},{gen_server,handle_msg,5,[{file,"gen_server.erl"},{line,599}]},{proc_lib,init_p_do_apply,3,[{file,"proc_lib.erl"},{line,239}]}]}
2016-01-01 11:17:26 =CRASH REPORT====
  crasher:
    initial call: maxwell_protocol_channel_command_protocol:init/4
    pid: <0.2146.0>
    registered_name: []
    exception exit: {{{badmatch,{error,closed}},[{maxwell_protocol_channel_command_protocol,handle_info,2,[{file,"/opt/mos/codebase/maxwell-protocol-channel/src/maxwell_protocol_channel_command_protocol.erl"},{line,85}]},{gen_server,handle_msg,5,[{file,"gen_server.erl"},{line,599}]},{proc_lib,init_p_do_apply,3,[{file,"proc_lib.erl"},{line,239}]}]},[{gen_server,terminate,6,[{file,"gen_server.erl"},{line,746}]},{proc_lib,init_p_do_apply,3,[{file,"proc_lib.erl"},{line,239}]}]}
    ancestors: [<0.84.0>,<0.83.0>,ranch_sup,<0.76.0>]
    messages: [{tcp_closed,#Port<0.6103>}]
    links: [<0.84.0>]
    dictionary: []
    trap_exit: false
    status: running
    heap_size: 31936144
    stack_size: 27
    reductions: 87896398
  neighbours:
2016-01-01 11:17:36 =ERROR REPORT====
Ranch listener command_channel had connection process started with maxwell_protocol_channel_command_protocol:start_link/4 at <0.2146.0> exit with reason: {{badmatch,{error,closed}},[{maxwell_protocol_channel_command_protocol,handle_info,2,[{file,"/opt/mos/codebase/maxwell-protocol-channel/src/maxwell_protocol_channel_command_protocol.erl"},{line,85}]},{gen_server,handle_msg,5,[{file,"gen_server.erl"},{line,599}]},{proc_lib,init_p_do_apply,3,[{file,"proc_lib.erl"},{line,239}]}]}
2016-01-01 11:17:37 =ERROR REPORT====
** Generic server <0.2158.0> terminating 
** Last message in was {tcp,#Port<0.6105>,<<8,2,16,0,26,30,131,104,3,100,0,5,108,105,115,116,115,100,0,3,115,101,113,108,0,0,0,2,97,1,98,5,245,225,0,106>>}
** When Server state == {state,#Port<0.6105>,ranch_tcp,undefined,'command_channel@127.0.0.1',1451618071}
** Reason for termination == 
** {{badmatch,{error,closed}},[{maxwell_protocol_channel_command_protocol,handle_info,2,[{file,"/opt/mos/codebase/maxwell-protocol-channel/src/maxwell_protocol_channel_command_protocol.erl"},{line,85}]},{gen_server,handle_msg,5,[{file,"gen_server.erl"},{line,599}]},{proc_lib,init_p_do_apply,3,[{file,"proc_lib.erl"},{line,239}]}]}
2016-01-01 11:17:37 =CRASH REPORT====
  crasher:
    initial call: maxwell_protocol_channel_command_protocol:init/4
    pid: <0.2158.0>
    registered_name: []
    exception exit: {{{badmatch,{error,closed}},[{maxwell_protocol_channel_command_protocol,handle_info,2,[{file,"/opt/mos/codebase/maxwell-protocol-channel/src/maxwell_protocol_channel_command_protocol.erl"},{line,85}]},{gen_server,handle_msg,5,[{file,"gen_server.erl"},{line,599}]},{proc_lib,init_p_do_apply,3,[{file,"proc_lib.erl"},{line,239}]}]},[{gen_server,terminate,6,[{file,"gen_server.erl"},{line,746}]},{proc_lib,init_p_do_apply,3,[{file,"proc_lib.erl"},{line,239}]}]}
    ancestors: [<0.84.0>,<0.83.0>,ranch_sup,<0.76.0>]
    messages: [{tcp_closed,#Port<0.6105>}]
    links: [<0.84.0>]
    dictionary: []
    trap_exit: false
    status: running
    heap_size: 31936144
    stack_size: 27
    reductions: 87896406
  neighbours:
2016-01-01 11:17:37 =ERROR REPORT====
Ranch listener command_channel had connection process started with maxwell_protocol_channel_command_protocol:start_link/4 at <0.2158.0> exit with reason: {{badmatch,{error,closed}},[{maxwell_protocol_channel_command_protocol,handle_info,2,[{file,"/opt/mos/codebase/maxwell-protocol-channel/src/maxwell_protocol_channel_command_protocol.erl"},{line,85}]},{gen_server,handle_msg,5,[{file,"gen_server.erl"},{line,599}]},{proc_lib,init_p_do_apply,3,[{file,"proc_lib.erl"},{line,239}]}]}
2016-01-01 11:17:38 =ERROR REPORT====
** Generic server <0.2170.0> terminating 
** Last message in was {tcp,#Port<0.6107>,<<8,2,16,0,26,30,131,104,3,100,0,5,108,105,115,116,115,100,0,3,115,101,113,108,0,0,0,2,97,1,98,5,245,225,0,106>>}
** When Server state == {state,#Port<0.6107>,ranch_tcp,undefined,'command_channel@127.0.0.1',1451618076}
** Reason for termination == 
** {{badmatch,{error,closed}},[{maxwell_protocol_channel_command_protocol,handle_info,2,[{file,"/opt/mos/codebase/maxwell-protocol-channel/src/maxwell_protocol_channel_command_protocol.erl"},{line,85}]},{gen_server,handle_msg,5,[{file,"gen_server.erl"},{line,599}]},{proc_lib,init_p_do_apply,3,[{file,"proc_lib.erl"},{line,239}]}]}
2016-01-01 11:17:38 =CRASH REPORT====
  crasher:
    initial call: maxwell_protocol_channel_command_protocol:init/4
    pid: <0.2170.0>
    registered_name: []
    exception exit: {{{badmatch,{error,closed}},[{maxwell_protocol_channel_command_protocol,handle_info,2,[{file,"/opt/mos/codebase/maxwell-protocol-channel/src/maxwell_protocol_channel_command_protocol.erl"},{line,85}]},{gen_server,handle_msg,5,[{file,"gen_server.erl"},{line,599}]},{proc_lib,init_p_do_apply,3,[{file,"proc_lib.erl"},{line,239}]}]},[{gen_server,terminate,6,[{file,"gen_server.erl"},{line,746}]},{proc_lib,init_p_do_apply,3,[{file,"proc_lib.erl"},{line,239}]}]}
    ancestors: [<0.84.0>,<0.83.0>,ranch_sup,<0.76.0>]
    messages: [{tcp_closed,#Port<0.6107>}]
    links: [<0.84.0>]
    dictionary: []
    trap_exit: false
    status: running
    heap_size: 31936144
    stack_size: 27
    reductions: 87896399
  neighbours:
2016-01-01 11:17:38 =ERROR REPORT====
Ranch listener command_channel had connection process started with maxwell_protocol_channel_command_protocol:start_link/4 at <0.2170.0> exit with reason: {{badmatch,{error,closed}},[{maxwell_protocol_channel_command_protocol,handle_info,2,[{file,"/opt/mos/codebase/maxwell-protocol-channel/src/maxwell_protocol_channel_command_protocol.erl"},{line,85}]},{gen_server,handle_msg,5,[{file,"gen_server.erl"},{line,599}]},{proc_lib,init_p_do_apply,3,[{file,"proc_lib.erl"},{line,239}]}]}
