2016-01-01 01:31:33.009 [error] <0.109.0> gen_server <0.109.0> terminated with reason: no match of right hand value {error,closed} in maxwell_protocol_channel_command_protocol:handle_info/2 line 100
2016-01-01 01:31:33.014 [error] <0.109.0> CRASH REPORT Process <0.109.0> with 0 neighbours exited with reason: no match of right hand value {error,closed} in maxwell_protocol_channel_command_protocol:handle_info/2 line 100 in gen_server:terminate/6 line 746
2016-01-01 01:31:33.014 [error] <0.118.0> gen_server <0.118.0> terminated with reason: no match of right hand value {error,closed} in maxwell_protocol_channel_command_protocol:handle_info/2 line 100
2016-01-01 01:31:33.014 [error] <0.118.0> CRASH REPORT Process <0.118.0> with 0 neighbours exited with reason: no match of right hand value {error,closed} in maxwell_protocol_channel_command_protocol:handle_info/2 line 100 in gen_server:terminate/6 line 746
2016-01-01 01:31:33.014 [error] <0.114.0> gen_server <0.114.0> terminated with reason: no match of right hand value {error,closed} in maxwell_protocol_channel_command_protocol:handle_info/2 line 100
2016-01-01 01:31:33.015 [error] <0.114.0> CRASH REPORT Process <0.114.0> with 0 neighbours exited with reason: no match of right hand value {error,closed} in maxwell_protocol_channel_command_protocol:handle_info/2 line 100 in gen_server:terminate/6 line 746
2016-01-01 01:31:33.015 [error] <0.115.0> gen_server <0.115.0> terminated with reason: no match of right hand value {error,closed} in maxwell_protocol_channel_command_protocol:handle_info/2 line 100
2016-01-01 01:31:33.015 [error] <0.115.0> CRASH REPORT Process <0.115.0> with 0 neighbours exited with reason: no match of right hand value {error,closed} in maxwell_protocol_channel_command_protocol:handle_info/2 line 100 in gen_server:terminate/6 line 746
2016-01-01 01:31:33.015 [error] <0.103.0> gen_server <0.103.0> terminated with reason: no match of right hand value {error,closed} in maxwell_protocol_channel_command_protocol:handle_info/2 line 100
2016-01-01 01:31:33.015 [error] <0.103.0> CRASH REPORT Process <0.103.0> with 0 neighbours exited with reason: no match of right hand value {error,closed} in maxwell_protocol_channel_command_protocol:handle_info/2 line 100 in gen_server:terminate/6 line 746
2016-01-01 01:31:33.015 [error] <0.104.0> gen_server <0.104.0> terminated with reason: no match of right hand value {error,closed} in maxwell_protocol_channel_command_protocol:handle_info/2 line 100
2016-01-01 01:31:33.015 [error] <0.104.0> CRASH REPORT Process <0.104.0> with 0 neighbours exited with reason: no match of right hand value {error,closed} in maxwell_protocol_channel_command_protocol:handle_info/2 line 100 in gen_server:terminate/6 line 746
2016-01-01 01:31:33.016 [error] <0.119.0> gen_server <0.119.0> terminated with reason: no match of right hand value {error,closed} in maxwell_protocol_channel_command_protocol:handle_info/2 line 100
2016-01-01 01:31:33.016 [error] <0.106.0> gen_server <0.106.0> terminated with reason: no match of right hand value {error,closed} in maxwell_protocol_channel_command_protocol:handle_info/2 line 100
2016-01-01 01:31:33.168 [error] <0.119.0> CRASH REPORT Process <0.119.0> with 0 neighbours exited with reason: no match of right hand value {error,closed} in maxwell_protocol_channel_command_protocol:handle_info/2 line 100 in gen_server:terminate/6 line 746
2016-01-01 01:31:33.169 [error] <0.106.0> CRASH REPORT Process <0.106.0> with 0 neighbours exited with reason: no match of right hand value {error,closed} in maxwell_protocol_channel_command_protocol:handle_info/2 line 100 in gen_server:terminate/6 line 746
2016-01-01 01:31:33.169 [error] <0.84.0> Ranch listener command_channel had connection process started with maxwell_protocol_channel_command_protocol:start_link/4 at <0.109.0> exit with reason: {{badmatch,{error,closed}},[{maxwell_protocol_channel_command_protocol,handle_info,2,[{file,"/opt/mos/codebase/maxwell-protocol-channel/src/maxwell_protocol_channel_command_protocol.erl"},{line,100}]},{gen_server,handle_msg,5,[{file,"gen_server.erl"},{line,599}]},{proc_lib,init_p_do_apply,3,[{file,"proc_lib.erl"},{line,239}]}]}

2016-01-01 01:31:33.170 [error] <0.84.0> Ranch listener command_channel had connection process started with maxwell_protocol_channel_command_protocol:start_link/4 at <0.118.0> exit with reason: {{badmatch,{error,closed}},[{maxwell_protocol_channel_command_protocol,handle_info,2,[{file,"/opt/mos/codebase/maxwell-protocol-channel/src/maxwell_protocol_channel_command_protocol.erl"},{line,100}]},{gen_server,handle_msg,5,[{file,"gen_server.erl"},{line,599}]},{proc_lib,init_p_do_apply,3,[{file,"proc_lib.erl"},{line,239}]}]}

2016-01-01 01:31:33.170 [error] <0.84.0> Ranch listener command_channel had connection process started with maxwell_protocol_channel_command_protocol:start_link/4 at <0.114.0> exit with reason: {{badmatch,{error,closed}},[{maxwell_protocol_channel_command_protocol,handle_info,2,[{file,"/opt/mos/codebase/maxwell-protocol-channel/src/maxwell_protocol_channel_command_protocol.erl"},{line,100}]},{gen_server,handle_msg,5,[{file,"gen_server.erl"},{line,599}]},{proc_lib,init_p_do_apply,3,[{file,"proc_lib.erl"},{line,239}]}]}

2016-01-01 01:31:33.170 [error] <0.84.0> Ranch listener command_channel had connection process started with maxwell_protocol_channel_command_protocol:start_link/4 at <0.115.0> exit with reason: {{badmatch,{error,closed}},[{maxwell_protocol_channel_command_protocol,handle_info,2,[{file,"/opt/mos/codebase/maxwell-protocol-channel/src/maxwell_protocol_channel_command_protocol.erl"},{line,100}]},{gen_server,handle_msg,5,[{file,"gen_server.erl"},{line,599}]},{proc_lib,init_p_do_apply,3,[{file,"proc_lib.erl"},{line,239}]}]}

2016-01-01 01:31:33.171 [error] <0.84.0> Ranch listener command_channel had connection process started with maxwell_protocol_channel_command_protocol:start_link/4 at <0.103.0> exit with reason: {{badmatch,{error,closed}},[{maxwell_protocol_channel_command_protocol,handle_info,2,[{file,"/opt/mos/codebase/maxwell-protocol-channel/src/maxwell_protocol_channel_command_protocol.erl"},{line,100}]},{gen_server,handle_msg,5,[{file,"gen_server.erl"},{line,599}]},{proc_lib,init_p_do_apply,3,[{file,"proc_lib.erl"},{line,239}]}]}

2016-01-01 01:31:33.171 [error] <0.84.0> Ranch listener command_channel had connection process started with maxwell_protocol_channel_command_protocol:start_link/4 at <0.104.0> exit with reason: {{badmatch,{error,closed}},[{maxwell_protocol_channel_command_protocol,handle_info,2,[{file,"/opt/mos/codebase/maxwell-protocol-channel/src/maxwell_protocol_channel_command_protocol.erl"},{line,100}]},{gen_server,handle_msg,5,[{file,"gen_server.erl"},{line,599}]},{proc_lib,init_p_do_apply,3,[{file,"proc_lib.erl"},{line,239}]}]}

2016-01-01 01:31:33.171 [error] <0.84.0> Ranch listener command_channel had connection process started with maxwell_protocol_channel_command_protocol:start_link/4 at <0.119.0> exit with reason: {{badmatch,{error,closed}},[{maxwell_protocol_channel_command_protocol,handle_info,2,[{file,"/opt/mos/codebase/maxwell-protocol-channel/src/maxwell_protocol_channel_command_protocol.erl"},{line,100}]},{gen_server,handle_msg,5,[{file,"gen_server.erl"},{line,599}]},{proc_lib,init_p_do_apply,3,[{file,"proc_lib.erl"},{line,239}]}]}

2016-01-01 01:31:33.172 [error] <0.84.0> Ranch listener command_channel had connection process started with maxwell_protocol_channel_command_protocol:start_link/4 at <0.106.0> exit with reason: {{badmatch,{error,closed}},[{maxwell_protocol_channel_command_protocol,handle_info,2,[{file,"/opt/mos/codebase/maxwell-protocol-channel/src/maxwell_protocol_channel_command_protocol.erl"},{line,100}]},{gen_server,handle_msg,5,[{file,"gen_server.erl"},{line,599}]},{proc_lib,init_p_do_apply,3,[{file,"proc_lib.erl"},{line,239}]}]}

2016-01-01 11:14:16.263 [error] <0.117.0>@maxwell_protocol_channel_client_pool_worker:recv_util_rep:166 Fail to recv,reason:timeout
2016-01-01 11:14:21.265 [error] <0.117.0>@maxwell_protocol_channel_client_pool_worker:recv_util_rep:166 Fail to recv,reason:timeout
2016-01-01 11:14:26.693 [error] <0.117.0>@maxwell_protocol_channel_client_pool_worker:recv_util_rep:166 Fail to recv,reason:timeout
2016-01-01 11:14:31.717 [error] <0.117.0>@maxwell_protocol_channel_client_pool_worker:recv_util_rep:166 Fail to recv,reason:timeout
2016-01-01 11:14:36.835 [error] <0.117.0>@maxwell_protocol_channel_client_pool_worker:recv_util_rep:166 Fail to recv,reason:timeout
2016-01-01 11:14:41.839 [error] <0.117.0>@maxwell_protocol_channel_client_pool_worker:recv_util_rep:166 Fail to recv,reason:timeout
2016-01-01 11:14:48.642 [error] <0.117.0>@maxwell_protocol_channel_client_pool_worker:recv_util_rep:166 Fail to recv,reason:timeout
2016-01-01 11:14:53.656 [error] <0.117.0>@maxwell_protocol_channel_client_pool_worker:recv_util_rep:166 Fail to recv,reason:timeout
2016-01-01 11:14:59.173 [error] <0.117.0>@maxwell_protocol_channel_client_pool_worker:recv_util_rep:166 Fail to recv,reason:timeout
2016-01-01 11:15:01.132 [error] <0.2091.0> gen_server <0.2091.0> terminated with reason: no match of right hand value {error,closed} in maxwell_protocol_channel_command_protocol:handle_info/2 line 85
2016-01-01 11:15:01.133 [error] <0.2091.0> CRASH REPORT Process <0.2091.0> with 0 neighbours exited with reason: no match of right hand value {error,closed} in maxwell_protocol_channel_command_protocol:handle_info/2 line 85 in gen_server:terminate/6 line 746
2016-01-01 11:15:01.136 [error] <0.84.0> Ranch listener command_channel had connection process started with maxwell_protocol_channel_command_protocol:start_link/4 at <0.2091.0> exit with reason: {{badmatch,{error,closed}},[{maxwell_protocol_channel_command_protocol,handle_info,2,[{file,"/opt/mos/codebase/maxwell-protocol-channel/src/maxwell_protocol_channel_command_protocol.erl"},{line,85}]},{gen_server,handle_msg,5,[{file,"gen_server.erl"},{line,599}]},{proc_lib,init_p_do_apply,3,[{file,"proc_lib.erl"},{line,239}]}]}

2016-01-01 11:15:07.235 [error] <0.117.0>@maxwell_protocol_channel_client_pool_worker:recv_util_rep:166 Fail to recv,reason:timeout
2016-01-01 11:15:12.156 [error] <0.125.0> gen_server sync_scanner terminated with reason: {timeout,{gen_server,call,[sync_options,{set_options,"/opt/mos/codebase/maxwell-protocol-channel/deps/sync/src",[{i,"/opt/mos/codebase/maxwell-protocol-channel/include"},{type,erl},{outdir,"/opt/mos/codebase/maxwell-protocol-channel/deps/sync/ebin"},debug_info,debug_info,fail_on_warning]}]}}
2016-01-01 11:15:12.163 [error] <0.125.0> CRASH REPORT Process sync_scanner with 0 neighbours exited with reason: {timeout,{gen_server,call,[sync_options,{set_options,"/opt/mos/codebase/maxwell-protocol-channel/deps/sync/src",[{i,"/opt/mos/codebase/maxwell-protocol-channel/include"},{type,erl},{outdir,"/opt/mos/codebase/maxwell-protocol-channel/deps/sync/ebin"},debug_info,debug_info,fail_on_warning]}]}} in gen_server:terminate/6 line 746
2016-01-01 11:15:12.170 [error] <0.123.0> Supervisor sync had child sync_scanner started with sync_scanner:start_link() at <0.125.0> exit with reason {timeout,{gen_server,call,[sync_options,{set_options,"/opt/mos/codebase/maxwell-protocol-channel/deps/sync/src",[{i,"/opt/mos/codebase/maxwell-protocol-channel/include"},{type,erl},{outdir,"/opt/mos/codebase/maxwell-protocol-channel/deps/sync/ebin"},debug_info,debug_info,fail_on_warning]}]}} in context child_terminated
2016-01-01 11:15:14.131 [error] <0.117.0>@maxwell_protocol_channel_client_pool_worker:recv_util_rep:166 Fail to recv,reason:timeout
2016-01-01 11:15:19.697 [error] <0.117.0>@maxwell_protocol_channel_client_pool_worker:recv_util_rep:166 Fail to recv,reason:timeout
2016-01-01 11:15:24.707 [error] <0.117.0>@maxwell_protocol_channel_client_pool_worker:recv_util_rep:166 Fail to recv,reason:timeout
2016-01-01 11:15:28.065 [error] <0.2122.0> gen_server <0.2122.0> terminated with reason: no match of right hand value {error,closed} in maxwell_protocol_channel_command_protocol:handle_info/2 line 85
2016-01-01 11:15:28.067 [error] <0.2122.0> CRASH REPORT Process <0.2122.0> with 0 neighbours exited with reason: no match of right hand value {error,closed} in maxwell_protocol_channel_command_protocol:handle_info/2 line 85 in gen_server:terminate/6 line 746
2016-01-01 11:15:28.068 [error] <0.84.0> Ranch listener command_channel had connection process started with maxwell_protocol_channel_command_protocol:start_link/4 at <0.2122.0> exit with reason: {{badmatch,{error,closed}},[{maxwell_protocol_channel_command_protocol,handle_info,2,[{file,"/opt/mos/codebase/maxwell-protocol-channel/src/maxwell_protocol_channel_command_protocol.erl"},{line,85}]},{gen_server,handle_msg,5,[{file,"gen_server.erl"},{line,599}]},{proc_lib,init_p_do_apply,3,[{file,"proc_lib.erl"},{line,239}]}]}

2016-01-01 11:15:29.822 [error] <0.117.0>@maxwell_protocol_channel_client_pool_worker:recv_util_rep:166 Fail to recv,reason:timeout
2016-01-01 11:15:40.141 [error] <0.117.0>@maxwell_protocol_channel_client_pool_worker:recv_util_rep:166 Fail to recv,reason:timeout
2016-01-01 11:15:45.221 [error] <0.117.0>@maxwell_protocol_channel_client_pool_worker:recv_util_rep:166 Fail to recv,reason:timeout
2016-01-01 11:15:50.479 [error] <0.117.0>@maxwell_protocol_channel_client_pool_worker:recv_util_rep:166 Fail to recv,reason:timeout
2016-01-01 11:16:03.867 [error] <0.117.0>@maxwell_protocol_channel_client_pool_worker:recv_util_rep:166 Fail to recv,reason:timeout
2016-01-01 11:16:15.399 [error] <0.117.0>@maxwell_protocol_channel_client_pool_worker:recv_util_rep:166 Fail to recv,reason:timeout
2016-01-01 11:16:26.837 [error] <0.117.0>@maxwell_protocol_channel_client_pool_worker:recv_util_rep:166 Fail to recv,reason:timeout
2016-01-01 11:16:28.849 [error] <0.2133.0> gen_server <0.2133.0> terminated with reason: no match of right hand value {error,closed} in maxwell_protocol_channel_command_protocol:handle_info/2 line 85
2016-01-01 11:16:28.856 [error] <0.2133.0> CRASH REPORT Process <0.2133.0> with 0 neighbours exited with reason: no match of right hand value {error,closed} in maxwell_protocol_channel_command_protocol:handle_info/2 line 85 in gen_server:terminate/6 line 746
2016-01-01 11:16:29.800 [error] <0.84.0> Ranch listener command_channel had connection process started with maxwell_protocol_channel_command_protocol:start_link/4 at <0.2133.0> exit with reason: {{badmatch,{error,closed}},[{maxwell_protocol_channel_command_protocol,handle_info,2,[{file,"/opt/mos/codebase/maxwell-protocol-channel/src/maxwell_protocol_channel_command_protocol.erl"},{line,85}]},{gen_server,handle_msg,5,[{file,"gen_server.erl"},{line,599}]},{proc_lib,init_p_do_apply,3,[{file,"proc_lib.erl"},{line,239}]}]}

2016-01-01 11:16:36.283 [error] <0.117.0>@maxwell_protocol_channel_client_pool_worker:recv_util_rep:166 Fail to recv,reason:timeout
2016-01-01 11:16:44.244 [error] <0.117.0>@maxwell_protocol_channel_client_pool_worker:recv_util_rep:166 Fail to recv,reason:timeout
2016-01-01 11:16:44.298 [error] <0.2199.0> gen_server sync_scanner terminated with reason: {timeout,{gen_server,call,[sync_options,{set_options,"/opt/mos/codebase/maxwell-protocol-channel/deps/sync/src",[{i,"/opt/mos/codebase/maxwell-protocol-channel/include"},{type,erl},{outdir,"/opt/mos/codebase/maxwell-protocol-channel/deps/sync/ebin"},debug_info,debug_info,fail_on_warning]}]}}
2016-01-01 11:16:44.312 [error] <0.2199.0> CRASH REPORT Process sync_scanner with 0 neighbours exited with reason: {timeout,{gen_server,call,[sync_options,{set_options,"/opt/mos/codebase/maxwell-protocol-channel/deps/sync/src",[{i,"/opt/mos/codebase/maxwell-protocol-channel/include"},{type,erl},{outdir,"/opt/mos/codebase/maxwell-protocol-channel/deps/sync/ebin"},debug_info,debug_info,fail_on_warning]}]}} in gen_server:terminate/6 line 746
2016-01-01 11:16:45.181 [error] <0.123.0> Supervisor sync had child sync_scanner started with sync_scanner:start_link() at <0.2199.0> exit with reason {timeout,{gen_server,call,[sync_options,{set_options,"/opt/mos/codebase/maxwell-protocol-channel/deps/sync/src",[{i,"/opt/mos/codebase/maxwell-protocol-channel/include"},{type,erl},{outdir,"/opt/mos/codebase/maxwell-protocol-channel/deps/sync/ebin"},debug_info,debug_info,fail_on_warning]}]}} in context child_terminated
2016-01-01 11:16:54.222 [error] <0.117.0>@maxwell_protocol_channel_client_pool_worker:recv_util_rep:166 Fail to recv,reason:timeout
2016-01-01 11:17:00.914 [error] <0.117.0>@maxwell_protocol_channel_client_pool_worker:recv_util_rep:166 Fail to recv,reason:timeout
2016-01-01 11:17:07.945 [error] <0.117.0>@maxwell_protocol_channel_client_pool_worker:recv_util_rep:166 Fail to recv,reason:timeout
2016-01-01 11:17:22.799 [error] <0.117.0>@maxwell_protocol_channel_client_pool_worker:recv_util_rep:166 Fail to recv,reason:timeout
2016-01-01 11:17:26.241 [error] <0.2146.0> gen_server <0.2146.0> terminated with reason: no match of right hand value {error,closed} in maxwell_protocol_channel_command_protocol:handle_info/2 line 85
2016-01-01 11:17:26.357 [error] <0.2146.0> CRASH REPORT Process <0.2146.0> with 0 neighbours exited with reason: no match of right hand value {error,closed} in maxwell_protocol_channel_command_protocol:handle_info/2 line 85 in gen_server:terminate/6 line 746
2016-01-01 11:17:32.201 [error] <0.84.0> Ranch listener command_channel had connection process started with maxwell_protocol_channel_command_protocol:start_link/4 at <0.2146.0> exit with reason: {{badmatch,{error,closed}},[{maxwell_protocol_channel_command_protocol,handle_info,2,[{file,"/opt/mos/codebase/maxwell-protocol-channel/src/maxwell_protocol_channel_command_protocol.erl"},{line,85}]},{gen_server,handle_msg,5,[{file,"gen_server.erl"},{line,599}]},{proc_lib,init_p_do_apply,3,[{file,"proc_lib.erl"},{line,239}]}]}

2016-01-01 11:17:32.204 [error] <0.2158.0> gen_server <0.2158.0> terminated with reason: no match of right hand value {error,closed} in maxwell_protocol_channel_command_protocol:handle_info/2 line 85
2016-01-01 11:17:32.205 [error] <0.2158.0> CRASH REPORT Process <0.2158.0> with 0 neighbours exited with reason: no match of right hand value {error,closed} in maxwell_protocol_channel_command_protocol:handle_info/2 line 85 in gen_server:terminate/6 line 746
2016-01-01 11:17:34.207 [error] <0.84.0> Ranch listener command_channel had connection process started with maxwell_protocol_channel_command_protocol:start_link/4 at <0.2158.0> exit with reason: {{badmatch,{error,closed}},[{maxwell_protocol_channel_command_protocol,handle_info,2,[{file,"/opt/mos/codebase/maxwell-protocol-channel/src/maxwell_protocol_channel_command_protocol.erl"},{line,85}]},{gen_server,handle_msg,5,[{file,"gen_server.erl"},{line,599}]},{proc_lib,init_p_do_apply,3,[{file,"proc_lib.erl"},{line,239}]}]}

2016-01-01 11:17:37.997 [error] <0.2170.0> gen_server <0.2170.0> terminated with reason: no match of right hand value {error,closed} in maxwell_protocol_channel_command_protocol:handle_info/2 line 85
2016-01-01 11:17:38.068 [error] <0.2170.0> CRASH REPORT Process <0.2170.0> with 0 neighbours exited with reason: no match of right hand value {error,closed} in maxwell_protocol_channel_command_protocol:handle_info/2 line 85 in gen_server:terminate/6 line 746
2016-01-01 11:17:38.135 [error] <0.84.0> Ranch listener command_channel had connection process started with maxwell_protocol_channel_command_protocol:start_link/4 at <0.2170.0> exit with reason: {{badmatch,{error,closed}},[{maxwell_protocol_channel_command_protocol,handle_info,2,[{file,"/opt/mos/codebase/maxwell-protocol-channel/src/maxwell_protocol_channel_command_protocol.erl"},{line,85}]},{gen_server,handle_msg,5,[{file,"gen_server.erl"},{line,599}]},{proc_lib,init_p_do_apply,3,[{file,"proc_lib.erl"},{line,239}]}]}

2016-01-01 11:17:49.369 [error] <0.117.0>@maxwell_protocol_channel_client_pool_worker:recv_util_rep:166 Fail to recv,reason:timeout
